android/samples/Iconicus/build/outputs/logs/manifest-merger-debug-report.txt
-- Merging decision tree log ---
manifest
ADDED from samples\Iconicus\AndroidManifest.xml:22:1-75:12
	package
		ADDED from samples\Iconicus\AndroidManifest.xml:23:5-35
		INJECTED from samples\Iconicus\AndroidManifest.xml
		INJECTED from samples\Iconicus\AndroidManifest.xml
	xmlns:android
		ADDED from samples\Iconicus\AndroidManifest.xml:22:11-69
uses-permission#android.permission.INTERNET
ADDED from samples\Iconicus\AndroidManifest.xml:24:5-67
	android:name
		ADDED from samples\Iconicus\AndroidManifest.xml:24:22-64
application
ADDED from samples\Iconicus\AndroidManifest.xml:25:5-74:19
MERGED from [com.facebook.android:facebook:4.16.1] AndroidManifest.xml:28:5-38:19
MERGED from [com.android.support:support-v4:23.4.0] AndroidManifest.xml:22:5-20
MERGED from [com.android.support:appcompat-v7:23.4.0] AndroidManifest.xml:25:5-20
MERGED from [com.android.support:animated-vector-drawable:23.4.0] AndroidManifest.xml:7:5-20
MERGED from [com.android.support:support-vector-drawable:23.4.0] AndroidManifest.xml:7:5-20
MERGED from [com.android.support:support-v4:23.4.0] AndroidManifest.xml:22:5-20
MERGED from [com.android.support:support-v4:23.4.0] AndroidManifest.xml:22:5-20
MERGED from [com.android.support:support-vector-drawable:23.4.0] AndroidManifest.xml:7:5-20
MERGED from [com.android.support:support-v4:23.4.0] AndroidManifest.xml:22:5-20
MERGED from [com.android.support:cardview-v7:23.4.0] AndroidManifest.xml:22:5-20
MERGED from [com.android.support:customtabs:23.4.0] AndroidManifest.xml:22:5-20
MERGED from [com.android.support:support-v4:23.4.0] AndroidManifest.xml:22:5-20
	android:label
		ADDED from samples\Iconicus\AndroidManifest.xml:29:9-41
	android:allowBackup
		ADDED from samples\Iconicus\AndroidManifest.xml:27:9-35
	android:icon
		ADDED from samples\Iconicus\AndroidManifest.xml:28:9-45
	android:theme
		ADDED from samples\Iconicus\AndroidManifest.xml:30:9-44
	android:name
		ADDED from samples\Iconicus\AndroidManifest.xml:26:9-44
activity#com.example.iconicus.MainActivity
ADDED from samples\Iconicus\AndroidManifest.xml:31:9-59:20
	android:screenOrientation
		ADDED from samples\Iconicus\AndroidManifest.xml:34:13-49
	android:label
		ADDED from samples\Iconicus\AndroidManifest.xml:33:13-45
	android:name
		ADDED from samples\Iconicus\AndroidManifest.xml:32:13-41
intent-filter#android.intent.action.MAIN+android.intent.category.LAUNCHER
ADDED from samples\Iconicus\AndroidManifest.xml:35:13-39:29
action#android.intent.action.MAIN
ADDED from samples\Iconicus\AndroidManifest.xml:36:17-69
	android:name
		ADDED from samples\Iconicus\AndroidManifest.xml:36:25-66
category#android.intent.category.LAUNCHER
ADDED from samples\Iconicus\AndroidManifest.xml:38:17-77
	android:name
		ADDED from samples\Iconicus\AndroidManifest.xml:38:27-74
intent-filter#android.intent.action.VIEW+android.intent.category.BROWSABLE+android.intent.category.DEFAULT
ADDED from samples\Iconicus\AndroidManifest.xml:40:13-48:29
data
ADDED from samples\Iconicus\AndroidManifest.xml:41:17-44:46
	android:path
		ADDED from samples\Iconicus\AndroidManifest.xml:43:21-53
	android:host
		ADDED from samples\Iconicus\AndroidManifest.xml:42:21-41
	android:scheme
		ADDED from samples\Iconicus\AndroidManifest.xml:44:21-43
category#android.intent.category.DEFAULT
ADDED from samples\Iconicus\AndroidManifest.xml:45:17-76
	android:name
		ADDED from samples\Iconicus\AndroidManifest.xml:45:27-73
category#android.intent.category.BROWSABLE
ADDED from samples\Iconicus\AndroidManifest.xml:46:17-78
	android:name
		ADDED from samples\Iconicus\AndroidManifest.xml:46:27-75
action#android.intent.action.VIEW
ADDED from samples\Iconicus\AndroidManifest.xml:47:17-69
	android:name
		ADDED from samples\Iconicus\AndroidManifest.xml:47:25-66
activity#com.facebook.CustomTabActivity
ADDED from samples\Iconicus\AndroidManifest.xml:60:9-70:20
MERGED from [com.facebook.android:facebook:4.16.1] AndroidManifest.xml:33:9-36:20
	android:exported
		ADDED from [com.facebook.android:facebook:4.16.1] AndroidManifest.xml:35:13-36
	android:name
		ADDED from samples\Iconicus\AndroidManifest.xml:61:13-58
meta-data#com.facebook.sdk.ApplicationId
ADDED from samples\Iconicus\AndroidManifest.xml:71:9-73:55
	android:value
		ADDED from samples\Iconicus\AndroidManifest.xml:73:13-52
	android:name
		ADDED from samples\Iconicus\AndroidManifest.xml:72:13-58
uses-sdk
INJECTED from samples\Iconicus\AndroidManifest.xml reason: use-sdk injection requested
MERGED from [com.facebook.android:facebook:4.16.1] AndroidManifest.xml:24:5-26:41
MERGED from [com.android.support:support-v4:23.4.0] AndroidManifest.xml:20:5-43
MERGED from [com.android.support:appcompat-v7:23.4.0] AndroidManifest.xml:21:5-23:78
MERGED from [com.android.support:animated-vector-drawable:23.4.0] AndroidManifest.xml:5:5-44
MERGED from [com.android.support:support-vector-drawable:23.4.0] AndroidManifest.xml:5:5-43
MERGED from [com.android.support:support-v4:23.4.0] AndroidManifest.xml:20:5-43
MERGED from [com.android.support:support-v4:23.4.0] AndroidManifest.xml:20:5-43
MERGED from [com.android.support:support-vector-drawable:23.4.0] AndroidManifest.xml:5:5-43
MERGED from [com.android.support:support-v4:23.4.0] AndroidManifest.xml:20:5-43
MERGED from [com.android.support:cardview-v7:23.4.0] AndroidManifest.xml:20:5-43
MERGED from [com.android.support:customtabs:23.4.0] AndroidManifest.xml:20:5-44
MERGED from [com.android.support:support-v4:23.4.0] AndroidManifest.xml:20:5-43
	tools:overrideLibrary
		ADDED from [com.android.support:appcompat-v7:23.4.0] AndroidManifest.xml:23:9-75
	android:targetSdkVersion
		INJECTED from samples\Iconicus\AndroidManifest.xml
		INJECTED from samples\Iconicus\AndroidManifest.xml
	android:minSdkVersion
		INJECTED from samples\Iconicus\AndroidManifest.xml
		INJECTED from samples\Iconicus\AndroidManifest.xml
activity#com.facebook.FacebookActivity
ADDED from [com.facebook.android:facebook:4.16.1] AndroidManifest.xml:29:9-32:66
	android:configChanges
		ADDED from [com.facebook.android:facebook:4.16.1] AndroidManifest.xml:31:13-96
	android:theme
		ADDED from [com.facebook.android:facebook:4.16.1] AndroidManifest.xml:32:13-63
	android:name
		ADDED from [com.facebook.android:facebook:4.16.1] AndroidManifest.xml:30:13-57
activity#com.facebook.CustomTabMainActivity
ADDED from [com.facebook.android:facebook:4.16.1] AndroidManifest.xml:37:9-71
	android:name
		ADDED from [com.facebook.android:facebook:4.16.1] AndroidManifest.xml:37:19-68